NOTE: PROCEDURE PRINTTO used (Total process time):
      real time           0.01 seconds
      cpu time            0.01 seconds
      

NOTE: Libref DATA was successfully assigned as follows: 
      Engine:        V9 
      Physical Name: P:\MCD-SPVR\data\raw_data\SAS_DATASETS
NOTE: Libref DATA_OT refers to the same physical library as STATEOT.
NOTE: Libref DATA_OT was successfully assigned as follows: 
      Engine:        V9 
      Physical Name: P:\MCD-SPVR\data\raw_data\SAS_DATASETS\OT
NOTE: Libref SPACE refers to the same physical library as LIBRARY.
NOTE: Libref SPACE was successfully assigned as follows: 
      Engine:        V9 
      Physical Name: P:\MCD-SPVR\data\workspace
NOTE: Libref AREA was successfully assigned as follows: 
      Engine:        V9 
      Physical Name: P:\MCD-SPVR\data\NO_PII
NOTE: Libref OUT was successfully assigned as follows: 
      Engine:        V9 
      Physical Name: P:\MCD-SPVR\data\workspace\output
NOTE: Libref LIBRARY refers to the same physical library as SPACE.
NOTE: Libref LIBRARY was successfully assigned as follows: 
      Engine:        V9 
      Physical Name: P:\MCD-SPVR\data\workspace
NOTE: Libref CPDS_WT was successfully assigned as follows: 
      Engine:        V9 
      Physical Name: P:\MCD-SPVR\data\NO_PII\CDPS_WEIGHTS
NOTE: Libref SCORES was successfully assigned as follows: 
      Engine:        V9 
      Physical Name: P:\MCD-SPVR\data\workspace\CDPS_SCORES
NOTE: Libref AHRF_HRR was successfully assigned as follows: 
      Engine:        V9 
      Physical Name: \\sas1_alt\MCD-SPVR\data\NO_PII\HRR\workspace
NOTE: Libref SPD_ADJ was successfully assigned as follows: 
      Engine:        V9 
      Physical Name: \\sas1_alt\MCD-SPVR\Analysis_PartII\CMS64_ADJ
NOTE: PROCEDURE SQL used (Total process time):
      real time           0.01 seconds
      cpu time            0.00 seconds
      


NOTE: There were 1683 observations read from the data set SPD_ADJ.FINAL_FACTORS_V01272020.
NOTE: The data set WORK.FORMAT_SPD_ADJ has 1683 observations and 4 variables.
NOTE: DATA statement used (Total process time):
      real time           0.06 seconds
      cpu time            0.01 seconds
      


NOTE: There were 1683 observations read from the data set WORK.FORMAT_SPD_ADJ.
NOTE: The data set WORK.SPD_ADJ has 51 observations and 35 variables.
NOTE: PROCEDURE TRANSPOSE used (Total process time):
      real time           0.03 seconds
      cpu time            0.00 seconds
      

NOTE: Table WORK.TEMP created, with 58978490 rows and 637 columns.

NOTE: PROCEDURE SQL used (Total process time):
      real time           1:07:35.21
      cpu time            50:39.75
      


NOTE: Missing values were generated as a result of performing an operation on missing 
      values.
      Each place is given by: (Number of times) at (Line):(Column).
      1238548290 at 3334:25   
NOTE: There were 58978490 observations read from the data set WORK.TEMP.
NOTE: The data set WORK.RECODE_ARRAY has 58978490 observations and 628 variables.
NOTE: DATA statement used (Total process time):
      real time           15:40.26
      cpu time            15:34.82
      

NOTE: Table WORK.RECODE_ARRAY_DIST created, with 58978490 rows and 628 columns.

NOTE: PROCEDURE SQL used (Total process time):
      real time           1:49:20.75
      cpu time            1:25:18.11
      

NOTE: Table WORK.AHRF_MSA_XWALK created, with 3143 rows and 26 columns.

NOTE: Table WORK.TEMP_AHRF_AGGRE created, with 485 rows and 8 columns.

NOTE: PROCEDURE SQL used (Total process time):
      real time           0.18 seconds
      cpu time            0.09 seconds
      

NOTE: Table WORK.LIMITED_CDPSPOP created, with 323413 rows and 628 columns.

NOTE: PROCEDURE SQL used (Total process time):
      real time           5:38.68
      cpu time            5:38.33
      

NOTE: Libref DATA was successfully assigned as follows: 
      Engine:        V9 
      Physical Name: P:\MCD-SPVR\data\raw_data\SAS_DATASETS
NOTE: Libref SPACE refers to the same physical library as LIBRARY.
NOTE: Libref SPACE was successfully assigned as follows: 
      Engine:        V9 
      Physical Name: P:\MCD-SPVR\data\workspace
NOTE: Libref STATEOT refers to the same physical library as DATA_OT.
NOTE: Libref STATEOT was successfully assigned as follows: 
      Engine:        V9 
      Physical Name: P:\MCD-SPVR\data\raw_data\SAS_DATASETS\OT
NOTE: Libref SPD_ADJ was successfully assigned as follows: 
      Engine:        V9 
      Physical Name: \\sas1_alt\MCD-SPVR\Analysis_PartII\CMS64_ADJ
NOTE: A CASE expression has no ELSE clause. Cases not accounted for by the WHEN clauses 
      will result in a missing value for the CASE expression.
NOTE: Table WORK.IP_CDPSCLAIMS created, with 5809 rows and 10 columns.

NOTE: PROCEDURE SQL used (Total process time):
      real time           37.46 seconds
      cpu time            26.47 seconds
      

NOTE: Table WORK.IP_ADJSPD created, with 5809 rows and 12 columns.

NOTE: PROCEDURE SQL used (Total process time):
      real time           0.15 seconds
      cpu time            0.01 seconds
      

NOTE: Table WORK.LIMITED_CDPSPOP_DXCLMS_IP created, with 5081 rows and 8 columns.

NOTE: PROCEDURE SQL used (Total process time):
      real time           0.06 seconds
      cpu time            0.01 seconds
      

NOTE: A CASE expression has no ELSE clause. Cases not accounted for by the WHEN clauses 
      will result in a missing value for the CASE expression.
NOTE: Table WORK.LT_CDPSCLAIMS created, with 1685 rows and 10 columns.

NOTE: PROCEDURE SQL used (Total process time):
      real time           1:10.79
      cpu time            46.55 seconds
      

NOTE: Table WORK.LT_ADJSPD created, with 1685 rows and 12 columns.

NOTE: PROCEDURE SQL used (Total process time):
      real time           0.10 seconds
      cpu time            0.01 seconds
      

NOTE: Table WORK.LIMITED_CDPSPOP_DXCLMS_LT created, with 122 rows and 8 columns.

NOTE: PROCEDURE SQL used (Total process time):
      real time           0.07 seconds
      cpu time            0.01 seconds
      

NOTE: PROCEDURE SQL used (Total process time):
      real time           0.06 seconds
      cpu time            0.03 seconds
      

NOTE: PROCEDURE SQL used (Total process time):
      real time           0.03 seconds
      cpu time            0.00 seconds
      

NOTE: Libref DATA was successfully assigned as follows: 
      Engine:        V9 
      Physical Name: P:\MCD-SPVR\data\raw_data\SAS_DATASETS
NOTE: Libref SPACE refers to the same physical library as LIBRARY.
NOTE: Libref SPACE was successfully assigned as follows: 
      Engine:        V9 
      Physical Name: P:\MCD-SPVR\data\workspace
NOTE: Libref STATEOT refers to the same physical library as DATA_OT.
NOTE: Libref STATEOT was successfully assigned as follows: 
      Engine:        V9 
      Physical Name: P:\MCD-SPVR\data\raw_data\SAS_DATASETS\OT
NOTE: Libref SPD_ADJ was successfully assigned as follows: 
      Engine:        V9 
      Physical Name: \\sas1_alt\MCD-SPVR\Analysis_PartII\CMS64_ADJ
NOTE: A CASE expression has no ELSE clause. Cases not accounted for by the WHEN clauses 
      will result in a missing value for the CASE expression.
NOTE: A CASE expression has no ELSE clause. Cases not accounted for by the WHEN clauses 
      will result in a missing value for the CASE expression.
NOTE: Table WORK.OT_CDPSCLAIMS created, with 13431 rows and 10 columns.

NOTE: PROCEDURE SQL used (Total process time):
      real time           57.02 seconds
      cpu time            41.02 seconds
      

NOTE: Table WORK.OT_ADJSPD created, with 13431 rows and 12 columns.

NOTE: PROCEDURE SQL used (Total process time):
      real time           0.11 seconds
      cpu time            0.04 seconds
      

NOTE: Table WORK.OTCLAIMS_AL created, with 5905 rows and 8 columns.

NOTE: PROCEDURE SQL used (Total process time):
      real time           0.07 seconds
      cpu time            0.04 seconds
      

NOTE: A CASE expression has no ELSE clause. Cases not accounted for by the WHEN clauses 
      will result in a missing value for the CASE expression.
NOTE: A CASE expression has no ELSE clause. Cases not accounted for by the WHEN clauses 
      will result in a missing value for the CASE expression.
NOTE: Table WORK.OT_CDPSCLAIMS created, with 2154 rows and 10 columns.

NOTE: PROCEDURE SQL used (Total process time):
      real time           17.26 seconds
      cpu time            11.99 seconds
      

NOTE: Table WORK.OT_ADJSPD created, with 2154 rows and 12 columns.

NOTE: PROCEDURE SQL used (Total process time):
      real time           0.05 seconds
      cpu time            0.01 seconds
      

NOTE: Table WORK.OTCLAIMS_AK created, with 1201 rows and 8 columns.

NOTE: PROCEDURE SQL used (Total process time):
      real time           0.07 seconds
      cpu time            0.01 seconds
      

NOTE: A CASE expression has no ELSE clause. Cases not accounted for by the WHEN clauses 
      will result in a missing value for the CASE expression.
NOTE: A CASE expression has no ELSE clause. Cases not accounted for by the WHEN clauses 
      will result in a missing value for the CASE expression.
NOTE: Table WORK.OT_CDPSCLAIMS created, with 5748 rows and 10 columns.

NOTE: PROCEDURE SQL used (Total process time):
      real time           2:42.66
      cpu time            1:55.65
      

NOTE: Table WORK.OT_ADJSPD created, with 5748 rows and 12 columns.

NOTE: PROCEDURE SQL used (Total process time):
      real time           0.05 seconds
      cpu time            0.04 seconds
      

NOTE: Table WORK.OTCLAIMS_AZ created, with 1025 rows and 8 columns.

NOTE: PROCEDURE SQL used (Total process time):
      real time           0.05 seconds
      cpu time            0.03 seconds
      

NOTE: A CASE expression has no ELSE clause. Cases not accounted for by the WHEN clauses 
      will result in a missing value for the CASE expression.
NOTE: A CASE expression has no ELSE clause. Cases not accounted for by the WHEN clauses 
      will result in a missing value for the CASE expression.
NOTE: Table WORK.OT_CDPSCLAIMS created, with 6517 rows and 10 columns.

NOTE: PROCEDURE SQL used (Total process time):
      real time           1:20.58
      cpu time            58.07 seconds
      

NOTE: Table WORK.OT_ADJSPD created, with 6517 rows and 12 columns.

NOTE: PROCEDURE SQL used (Total process time):
      real time           0.05 seconds
      cpu time            0.03 seconds
      

NOTE: Table WORK.OTCLAIMS_AR created, with 3171 rows and 8 columns.

NOTE: PROCEDURE SQL used (Total process time):
      real time           0.07 seconds
      cpu time            0.01 seconds
      

NOTE: A CASE expression has no ELSE clause. Cases not accounted for by the WHEN clauses 
      will result in a missing value for the CASE expression.
NOTE: A CASE expression has no ELSE clause. Cases not accounted for by the WHEN clauses 
      will result in a missing value for the CASE expression.
NOTE: Table WORK.OT_CDPSCLAIMS created, with 15033 rows and 10 columns.

NOTE: PROCEDURE SQL used (Total process time):
      real time           1:00.01
      cpu time            43.18 seconds
      

NOTE: Table WORK.OT_ADJSPD created, with 15033 rows and 12 columns.

NOTE: PROCEDURE SQL used (Total process time):
      real time           0.06 seconds
      cpu time            0.14 seconds
      

NOTE: Table WORK.OTCLAIMS_CO created, with 5549 rows and 8 columns.

NOTE: PROCEDURE SQL used (Total process time):
      real time           0.09 seconds
      cpu time            0.01 seconds
      

NOTE: A CASE expression has no ELSE clause. Cases not accounted for by the WHEN clauses 
      will result in a missing value for the CASE expression.
NOTE: A CASE expression has no ELSE clause. Cases not accounted for by the WHEN clauses 
      will result in a missing value for the CASE expression.
NOTE: Table WORK.OT_CDPSCLAIMS created, with 52216 rows and 10 columns.

NOTE: PROCEDURE SQL used (Total process time):
      real time           1:09.59
      cpu time            50.59 seconds
      

NOTE: Table WORK.OT_ADJSPD created, with 52216 rows and 12 columns.

NOTE: PROCEDURE SQL used (Total process time):
      real time           0.10 seconds
      cpu time            0.09 seconds
      

NOTE: Table WORK.OTCLAIMS_CT created, with 17624 rows and 8 columns.

NOTE: PROCEDURE SQL used (Total process time):
      real time           0.10 seconds
      cpu time            0.07 seconds
      

NOTE: A CASE expression has no ELSE clause. Cases not accounted for by the WHEN clauses 
      will result in a missing value for the CASE expression.
NOTE: A CASE expression has no ELSE clause. Cases not accounted for by the WHEN clauses 
      will result in a missing value for the CASE expression.
NOTE: Table WORK.OT_CDPSCLAIMS created, with 389 rows and 10 columns.

NOTE: PROCEDURE SQL used (Total process time):
      real time           46.35 seconds
      cpu time            17.05 seconds
      

NOTE: Table WORK.OT_ADJSPD created, with 389 rows and 12 columns.

NOTE: PROCEDURE SQL used (Total process time):
      real time           0.06 seconds
      cpu time            0.01 seconds
      

NOTE: Table WORK.OTCLAIMS_DE created, with 148 rows and 8 columns.

NOTE: PROCEDURE SQL used (Total process time):
      real time           0.05 seconds
      cpu time            0.01 seconds
      

NOTE: A CASE expression has no ELSE clause. Cases not accounted for by the WHEN clauses 
      will result in a missing value for the CASE expression.
NOTE: A CASE expression has no ELSE clause. Cases not accounted for by the WHEN clauses 
      will result in a missing value for the CASE expression.
NOTE: Table WORK.OT_CDPSCLAIMS created, with 4398 rows and 10 columns.

NOTE: PROCEDURE SQL used (Total process time):
      real time           48.78 seconds
      cpu time            18.28 seconds
      

NOTE: Table WORK.OT_ADJSPD created, with 4398 rows and 12 columns.

NOTE: PROCEDURE SQL used (Total process time):
      real time           0.05 seconds
      cpu time            0.04 seconds
      

NOTE: Table WORK.OTCLAIMS_DC created, with 1743 rows and 8 columns.

NOTE: PROCEDURE SQL used (Total process time):
      real time           0.05 seconds
      cpu time            0.00 seconds
      

NOTE: A CASE expression has no ELSE clause. Cases not accounted for by the WHEN clauses 
      will result in a missing value for the CASE expression.
NOTE: A CASE expression has no ELSE clause. Cases not accounted for by the WHEN clauses 
      will result in a missing value for the CASE expression.
NOTE: Table WORK.OT_CDPSCLAIMS created, with 37513 rows and 10 columns.

NOTE: PROCEDURE SQL used (Total process time):
      real time           8:19.49
      cpu time            3:09.40
      

NOTE: Table WORK.OT_ADJSPD created, with 37513 rows and 12 columns.

NOTE: PROCEDURE SQL used (Total process time):
      real time           0.14 seconds
      cpu time            0.06 seconds
      

NOTE: Table WORK.OTCLAIMS_FL created, with 14284 rows and 8 columns.

NOTE: PROCEDURE SQL used (Total process time):
      real time           0.09 seconds
      cpu time            0.03 seconds
      

NOTE: A CASE expression has no ELSE clause. Cases not accounted for by the WHEN clauses 
      will result in a missing value for the CASE expression.
NOTE: A CASE expression has no ELSE clause. Cases not accounted for by the WHEN clauses 
      will result in a missing value for the CASE expression.
NOTE: Table WORK.OT_CDPSCLAIMS created, with 22485 rows and 10 columns.

NOTE: PROCEDURE SQL used (Total process time):
      real time           3:08.63
      cpu time            1:37.04
      

NOTE: Table WORK.OT_ADJSPD created, with 22485 rows and 12 columns.

NOTE: PROCEDURE SQL used (Total process time):
      real time           0.07 seconds
      cpu time            0.03 seconds
      

NOTE: Table WORK.OTCLAIMS_GA created, with 7011 rows and 8 columns.

NOTE: PROCEDURE SQL used (Total process time):
      real time           0.06 seconds
      cpu time            0.11 seconds
      

NOTE: A CASE expression has no ELSE clause. Cases not accounted for by the WHEN clauses 
      will result in a missing value for the CASE expression.
NOTE: A CASE expression has no ELSE clause. Cases not accounted for by the WHEN clauses 
      will result in a missing value for the CASE expression.
NOTE: Table WORK.OT_CDPSCLAIMS created, with 18 rows and 10 columns.

NOTE: PROCEDURE SQL used (Total process time):
      real time           40.25 seconds
      cpu time            17.09 seconds
      

NOTE: Table WORK.OT_ADJSPD created, with 18 rows and 12 columns.

NOTE: PROCEDURE SQL used (Total process time):
      real time           0.03 seconds
      cpu time            0.01 seconds
      

NOTE: Table WORK.OTCLAIMS_HI created, with 6 rows and 8 columns.

NOTE: PROCEDURE SQL used (Total process time):
      real time           0.05 seconds
      cpu time            0.01 seconds
      

NOTE: A CASE expression has no ELSE clause. Cases not accounted for by the WHEN clauses 
      will result in a missing value for the CASE expression.
NOTE: A CASE expression has no ELSE clause. Cases not accounted for by the WHEN clauses 
      will result in a missing value for the CASE expression.
NOTE: Table WORK.OT_CDPSCLAIMS created, with 4516 rows and 10 columns.

NOTE: PROCEDURE SQL used (Total process time):
      real time           1:07.54
      cpu time            26.39 seconds
      

NOTE: Table WORK.OT_ADJSPD created, with 4516 rows and 12 columns.

NOTE: PROCEDURE SQL used (Total process time):
      real time           0.05 seconds
      cpu time            0.01 seconds
      

NOTE: Table WORK.OTCLAIMS_ID created, with 1764 rows and 8 columns.

NOTE: PROCEDURE SQL used (Total process time):
      real time           0.06 seconds
      cpu time            0.01 seconds
      

NOTE: A CASE expression has no ELSE clause. Cases not accounted for by the WHEN clauses 
      will result in a missing value for the CASE expression.
NOTE: A CASE expression has no ELSE clause. Cases not accounted for by the WHEN clauses 
      will result in a missing value for the CASE expression.
NOTE: Table WORK.OT_CDPSCLAIMS created, with 70430 rows and 10 columns.

NOTE: PROCEDURE SQL used (Total process time):
      real time           5:55.68
      cpu time            2:37.38
      

NOTE: Table WORK.OT_ADJSPD created, with 70430 rows and 12 columns.

NOTE: PROCEDURE SQL used (Total process time):
      real time           0.15 seconds
      cpu time            0.10 seconds
      

NOTE: Table WORK.OTCLAIMS_IL created, with 33815 rows and 8 columns.

NOTE: PROCEDURE SQL used (Total process time):
      real time           0.12 seconds
      cpu time            0.11 seconds
      

NOTE: A CASE expression has no ELSE clause. Cases not accounted for by the WHEN clauses 
      will result in a missing value for the CASE expression.
NOTE: A CASE expression has no ELSE clause. Cases not accounted for by the WHEN clauses 
      will result in a missing value for the CASE expression.
NOTE: Table WORK.OT_CDPSCLAIMS created, with 11831 rows and 10 columns.

NOTE: PROCEDURE SQL used (Total process time):
      real time           3:02.47
      cpu time            1:20.13
      

NOTE: Table WORK.OT_ADJSPD created, with 11831 rows and 12 columns.

NOTE: PROCEDURE SQL used (Total process time):
      real time           0.06 seconds
      cpu time            0.04 seconds
      

NOTE: Table WORK.OTCLAIMS_IN created, with 3925 rows and 8 columns.

NOTE: PROCEDURE SQL used (Total process time):
      real time           0.07 seconds
      cpu time            0.06 seconds
      

NOTE: A CASE expression has no ELSE clause. Cases not accounted for by the WHEN clauses 
      will result in a missing value for the CASE expression.
NOTE: A CASE expression has no ELSE clause. Cases not accounted for by the WHEN clauses 
      will result in a missing value for the CASE expression.
NOTE: Table WORK.OT_CDPSCLAIMS created, with 13175 rows and 10 columns.

NOTE: PROCEDURE SQL used (Total process time):
      real time           1:50.68
      cpu time            52.46 seconds
      

NOTE: Table WORK.OT_ADJSPD created, with 13175 rows and 12 columns.

NOTE: PROCEDURE SQL used (Total process time):
      real time           0.08 seconds
      cpu time            0.06 seconds
      

NOTE: Table WORK.OTCLAIMS_IA created, with 4807 rows and 8 columns.

NOTE: PROCEDURE SQL used (Total process time):
      real time           0.09 seconds
      cpu time            0.03 seconds
      

NOTE: A CASE expression has no ELSE clause. Cases not accounted for by the WHEN clauses 
      will result in a missing value for the CASE expression.
NOTE: A CASE expression has no ELSE clause. Cases not accounted for by the WHEN clauses 
      will result in a missing value for the CASE expression.
NOTE: Table WORK.OT_CDPSCLAIMS created, with 1939 rows and 10 columns.

NOTE: PROCEDURE SQL used (Total process time):
      real time           1:29.31
      cpu time            34.66 seconds
      

NOTE: Table WORK.OT_ADJSPD created, with 1939 rows and 12 columns.

NOTE: PROCEDURE SQL used (Total process time):
      real time           0.07 seconds
      cpu time            0.01 seconds
      

NOTE: Table WORK.OTCLAIMS_KS created, with 835 rows and 8 columns.

NOTE: PROCEDURE SQL used (Total process time):
      real time           0.08 seconds
      cpu time            0.01 seconds
      

NOTE: A CASE expression has no ELSE clause. Cases not accounted for by the WHEN clauses 
      will result in a missing value for the CASE expression.
NOTE: A CASE expression has no ELSE clause. Cases not accounted for by the WHEN clauses 
      will result in a missing value for the CASE expression.
NOTE: Table WORK.OT_CDPSCLAIMS created, with 800 rows and 10 columns.

NOTE: PROCEDURE SQL used (Total process time):
      real time           2:47.51
      cpu time            1:15.92
      

NOTE: Table WORK.OT_ADJSPD created, with 800 rows and 12 columns.

NOTE: PROCEDURE SQL used (Total process time):
      real time           0.04 seconds
      cpu time            0.01 seconds
      

NOTE: Table WORK.OTCLAIMS_KY created, with 260 rows and 8 columns.

NOTE: PROCEDURE SQL used (Total process time):
      real time           0.06 seconds
      cpu time            0.00 seconds
      

NOTE: A CASE expression has no ELSE clause. Cases not accounted for by the WHEN clauses 
      will result in a missing value for the CASE expression.
NOTE: A CASE expression has no ELSE clause. Cases not accounted for by the WHEN clauses 
      will result in a missing value for the CASE expression.
NOTE: Table WORK.OT_CDPSCLAIMS created, with 8220 rows and 10 columns.

NOTE: PROCEDURE SQL used (Total process time):
      real time           2:00.43
      cpu time            1:24.63
      

NOTE: Table WORK.OT_ADJSPD created, with 8220 rows and 12 columns.

NOTE: PROCEDURE SQL used (Total process time):
      real time           0.06 seconds
      cpu time            0.03 seconds
      

NOTE: Table WORK.OTCLAIMS_LA created, with 3164 rows and 8 columns.

NOTE: PROCEDURE SQL used (Total process time):
      real time           0.07 seconds
      cpu time            0.04 seconds
      

NOTE: A CASE expression has no ELSE clause. Cases not accounted for by the WHEN clauses 
      will result in a missing value for the CASE expression.
NOTE: A CASE expression has no ELSE clause. Cases not accounted for by the WHEN clauses 
      will result in a missing value for the CASE expression.
NOTE: Table WORK.OT_CDPSCLAIMS created, with 11073 rows and 10 columns.

NOTE: PROCEDURE SQL used (Total process time):
      real time           42.79 seconds
      cpu time            26.91 seconds
      

NOTE: Table WORK.OT_ADJSPD created, with 11073 rows and 12 columns.

NOTE: PROCEDURE SQL used (Total process time):
      real time           0.09 seconds
      cpu time            0.06 seconds
      

NOTE: Table WORK.OTCLAIMS_ME created, with 4888 rows and 8 columns.

NOTE: PROCEDURE SQL used (Total process time):
      real time           0.11 seconds
      cpu time            0.04 seconds
      

NOTE: A CASE expression has no ELSE clause. Cases not accounted for by the WHEN clauses 
      will result in a missing value for the CASE expression.
NOTE: A CASE expression has no ELSE clause. Cases not accounted for by the WHEN clauses 
      will result in a missing value for the CASE expression.
NOTE: Table WORK.OT_CDPSCLAIMS created, with 732 rows and 10 columns.

NOTE: PROCEDURE SQL used (Total process time):
      real time           1:54.52
      cpu time            1:16.42
      

NOTE: Table WORK.OT_ADJSPD created, with 732 rows and 12 columns.

NOTE: PROCEDURE SQL used (Total process time):
      real time           0.04 seconds
      cpu time            0.00 seconds
      

NOTE: Table WORK.OTCLAIMS_MD created, with 394 rows and 8 columns.

NOTE: PROCEDURE SQL used (Total process time):
      real time           0.06 seconds
      cpu time            0.00 seconds
      

NOTE: A CASE expression has no ELSE clause. Cases not accounted for by the WHEN clauses 
      will result in a missing value for the CASE expression.
NOTE: A CASE expression has no ELSE clause. Cases not accounted for by the WHEN clauses 
      will result in a missing value for the CASE expression.
NOTE: Table WORK.OT_CDPSCLAIMS created, with 17926 rows and 10 columns.

NOTE: PROCEDURE SQL used (Total process time):
      real time           3:02.95
      cpu time            2:00.96
      

NOTE: Table WORK.OT_ADJSPD created, with 17926 rows and 12 columns.

NOTE: PROCEDURE SQL used (Total process time):
      real time           0.08 seconds
      cpu time            0.06 seconds
      

NOTE: Table WORK.OTCLAIMS_MA created, with 7577 rows and 8 columns.

NOTE: PROCEDURE SQL used (Total process time):
      real time           0.07 seconds
      cpu time            0.04 seconds
      

NOTE: A CASE expression has no ELSE clause. Cases not accounted for by the WHEN clauses 
      will result in a missing value for the CASE expression.
NOTE: A CASE expression has no ELSE clause. Cases not accounted for by the WHEN clauses 
      will result in a missing value for the CASE expression.
NOTE: Table WORK.OT_CDPSCLAIMS created, with 5653 rows and 10 columns.

NOTE: PROCEDURE SQL used (Total process time):
      real time           3:49.23
      cpu time            2:30.96
      

NOTE: Table WORK.OT_ADJSPD created, with 5653 rows and 12 columns.

NOTE: PROCEDURE SQL used (Total process time):
      real time           0.05 seconds
      cpu time            0.01 seconds
      

NOTE: Table WORK.OTCLAIMS_MI created, with 2447 rows and 8 columns.

NOTE: PROCEDURE SQL used (Total process time):
      real time           0.05 seconds
      cpu time            0.01 seconds
      

NOTE: A CASE expression has no ELSE clause. Cases not accounted for by the WHEN clauses 
      will result in a missing value for the CASE expression.
NOTE: A CASE expression has no ELSE clause. Cases not accounted for by the WHEN clauses 
      will result in a missing value for the CASE expression.
NOTE: Table WORK.OT_CDPSCLAIMS created, with 5728 rows and 10 columns.

NOTE: PROCEDURE SQL used (Total process time):
      real time           2:40.11
      cpu time            1:45.56
      

NOTE: Table WORK.OT_ADJSPD created, with 5728 rows and 12 columns.

NOTE: PROCEDURE SQL used (Total process time):
      real time           0.05 seconds
      cpu time            0.01 seconds
      

NOTE: Table WORK.OTCLAIMS_MN created, with 2685 rows and 8 columns.

NOTE: PROCEDURE SQL used (Total process time):
      real time           0.09 seconds
      cpu time            0.03 seconds
      

NOTE: A CASE expression has no ELSE clause. Cases not accounted for by the WHEN clauses 
      will result in a missing value for the CASE expression.
NOTE: A CASE expression has no ELSE clause. Cases not accounted for by the WHEN clauses 
      will result in a missing value for the CASE expression.
NOTE: Table WORK.OT_CDPSCLAIMS created, with 3206 rows and 10 columns.

NOTE: PROCEDURE SQL used (Total process time):
      real time           51.93 seconds
      cpu time            32.68 seconds
      

NOTE: Table WORK.OT_ADJSPD created, with 3206 rows and 12 columns.

NOTE: PROCEDURE SQL used (Total process time):
      real time           0.05 seconds
      cpu time            0.01 seconds
      

NOTE: Table WORK.OTCLAIMS_MS created, with 976 rows and 8 columns.

NOTE: PROCEDURE SQL used (Total process time):
      real time           0.08 seconds
      cpu time            0.03 seconds
      

NOTE: A CASE expression has no ELSE clause. Cases not accounted for by the WHEN clauses 
      will result in a missing value for the CASE expression.
NOTE: A CASE expression has no ELSE clause. Cases not accounted for by the WHEN clauses 
      will result in a missing value for the CASE expression.
NOTE: Table WORK.OT_CDPSCLAIMS created, with 16584 rows and 10 columns.

NOTE: PROCEDURE SQL used (Total process time):
      real time           1:53.01
      cpu time            1:13.74
      

NOTE: Table WORK.OT_ADJSPD created, with 16584 rows and 12 columns.

NOTE: PROCEDURE SQL used (Total process time):
      real time           0.06 seconds
      cpu time            0.04 seconds
      

NOTE: Table WORK.OTCLAIMS_MO created, with 7426 rows and 8 columns.

NOTE: PROCEDURE SQL used (Total process time):
      real time           0.09 seconds
      cpu time            0.03 seconds
      

NOTE: A CASE expression has no ELSE clause. Cases not accounted for by the WHEN clauses 
      will result in a missing value for the CASE expression.
NOTE: A CASE expression has no ELSE clause. Cases not accounted for by the WHEN clauses 
      will result in a missing value for the CASE expression.
NOTE: Table WORK.OT_CDPSCLAIMS created, with 771 rows and 10 columns.

NOTE: PROCEDURE SQL used (Total process time):
      real time           15.51 seconds
      cpu time            10.56 seconds
      

NOTE: Table WORK.OT_ADJSPD created, with 771 rows and 12 columns.

NOTE: PROCEDURE SQL used (Total process time):
      real time           0.05 seconds
      cpu time            0.00 seconds
      

NOTE: Table WORK.OTCLAIMS_MT created, with 426 rows and 8 columns.

NOTE: PROCEDURE SQL used (Total process time):
      real time           0.09 seconds
      cpu time            0.00 seconds
      

NOTE: A CASE expression has no ELSE clause. Cases not accounted for by the WHEN clauses 
      will result in a missing value for the CASE expression.
NOTE: A CASE expression has no ELSE clause. Cases not accounted for by the WHEN clauses 
      will result in a missing value for the CASE expression.
NOTE: Table WORK.OT_CDPSCLAIMS created, with 864 rows and 10 columns.

NOTE: PROCEDURE SQL used (Total process time):
      real time           22.58 seconds
      cpu time            15.86 seconds
      

NOTE: Table WORK.OT_ADJSPD created, with 864 rows and 12 columns.

NOTE: PROCEDURE SQL used (Total process time):
      real time           0.04 seconds
      cpu time            0.01 seconds
      

NOTE: Table WORK.OTCLAIMS_NE created, with 302 rows and 8 columns.

NOTE: PROCEDURE SQL used (Total process time):
      real time           0.05 seconds
      cpu time            0.00 seconds
      

NOTE: A CASE expression has no ELSE clause. Cases not accounted for by the WHEN clauses 
      will result in a missing value for the CASE expression.
NOTE: A CASE expression has no ELSE clause. Cases not accounted for by the WHEN clauses 
      will result in a missing value for the CASE expression.
NOTE: Table WORK.OT_CDPSCLAIMS created, with 3360 rows and 10 columns.

NOTE: PROCEDURE SQL used (Total process time):
      real time           20.91 seconds
      cpu time            15.10 seconds
      

NOTE: Table WORK.OT_ADJSPD created, with 3360 rows and 12 columns.

NOTE: PROCEDURE SQL used (Total process time):
      real time           0.08 seconds
      cpu time            0.03 seconds
      

NOTE: Table WORK.OTCLAIMS_NV created, with 1616 rows and 8 columns.

NOTE: PROCEDURE SQL used (Total process time):
      real time           0.06 seconds
      cpu time            0.00 seconds
      

NOTE: A CASE expression has no ELSE clause. Cases not accounted for by the WHEN clauses 
      will result in a missing value for the CASE expression.
NOTE: A CASE expression has no ELSE clause. Cases not accounted for by the WHEN clauses 
      will result in a missing value for the CASE expression.
NOTE: Table WORK.OT_CDPSCLAIMS created, with 5320 rows and 10 columns.

NOTE: PROCEDURE SQL used (Total process time):
      real time           17.02 seconds
      cpu time            12.26 seconds
      

NOTE: Table WORK.OT_ADJSPD created, with 5320 rows and 12 columns.

NOTE: PROCEDURE SQL used (Total process time):
      real time           0.05 seconds
      cpu time            0.01 seconds
      

NOTE: Table WORK.OTCLAIMS_NH created, with 1491 rows and 8 columns.

NOTE: PROCEDURE SQL used (Total process time):
      real time           0.09 seconds
      cpu time            0.03 seconds
      

NOTE: A CASE expression has no ELSE clause. Cases not accounted for by the WHEN clauses 
      will result in a missing value for the CASE expression.
NOTE: A CASE expression has no ELSE clause. Cases not accounted for by the WHEN clauses 
      will result in a missing value for the CASE expression.
NOTE: Table WORK.OT_CDPSCLAIMS created, with 7415 rows and 10 columns.

NOTE: PROCEDURE SQL used (Total process time):
      real time           2:28.44
      cpu time            1:39.03
      

NOTE: Table WORK.OT_ADJSPD created, with 7415 rows and 12 columns.

NOTE: PROCEDURE SQL used (Total process time):
      real time           0.05 seconds
      cpu time            0.01 seconds
      

NOTE: Table WORK.OTCLAIMS_NJ created, with 3204 rows and 8 columns.

NOTE: PROCEDURE SQL used (Total process time):
      real time           0.05 seconds
      cpu time            0.01 seconds
      

NOTE: A CASE expression has no ELSE clause. Cases not accounted for by the WHEN clauses 
      will result in a missing value for the CASE expression.
NOTE: A CASE expression has no ELSE clause. Cases not accounted for by the WHEN clauses 
      will result in a missing value for the CASE expression.
NOTE: Table WORK.OT_CDPSCLAIMS created, with 989 rows and 10 columns.

NOTE: PROCEDURE SQL used (Total process time):
      real time           58.85 seconds
      cpu time            38.33 seconds
      

NOTE: Table WORK.OT_ADJSPD created, with 989 rows and 12 columns.

NOTE: PROCEDURE SQL used (Total process time):
      real time           0.04 seconds
      cpu time            0.00 seconds
      

NOTE: Table WORK.OTCLAIMS_NM created, with 413 rows and 8 columns.

NOTE: PROCEDURE SQL used (Total process time):
      real time           0.07 seconds
      cpu time            0.00 seconds
      

NOTE: A CASE expression has no ELSE clause. Cases not accounted for by the WHEN clauses 
      will result in a missing value for the CASE expression.
NOTE: A CASE expression has no ELSE clause. Cases not accounted for by the WHEN clauses 
      will result in a missing value for the CASE expression.
NOTE: Table WORK.OT_CDPSCLAIMS created, with 47424 rows and 10 columns.

NOTE: PROCEDURE SQL used (Total process time):
      real time           4:21.02
      cpu time            2:52.69
      

NOTE: Table WORK.OT_ADJSPD created, with 47424 rows and 12 columns.

NOTE: PROCEDURE SQL used (Total process time):
      real time           0.11 seconds
      cpu time            0.04 seconds
      

NOTE: Table WORK.OTCLAIMS_NC created, with 16597 rows and 8 columns.

NOTE: PROCEDURE SQL used (Total process time):
      real time           0.11 seconds
      cpu time            0.06 seconds
      

NOTE: A CASE expression has no ELSE clause. Cases not accounted for by the WHEN clauses 
      will result in a missing value for the CASE expression.
NOTE: A CASE expression has no ELSE clause. Cases not accounted for by the WHEN clauses 
      will result in a missing value for the CASE expression.
NOTE: Table WORK.OT_CDPSCLAIMS created, with 1083 rows and 10 columns.

NOTE: PROCEDURE SQL used (Total process time):
      real time           7.91 seconds
      cpu time            5.91 seconds
      

NOTE: Table WORK.OT_ADJSPD created, with 1083 rows and 12 columns.

NOTE: PROCEDURE SQL used (Total process time):
      real time           0.04 seconds
      cpu time            0.00 seconds
      

NOTE: Table WORK.OTCLAIMS_ND created, with 503 rows and 8 columns.

NOTE: PROCEDURE SQL used (Total process time):
      real time           0.06 seconds
      cpu time            0.00 seconds
      

NOTE: A CASE expression has no ELSE clause. Cases not accounted for by the WHEN clauses 
      will result in a missing value for the CASE expression.
NOTE: A CASE expression has no ELSE clause. Cases not accounted for by the WHEN clauses 
      will result in a missing value for the CASE expression.
NOTE: Table WORK.OT_CDPSCLAIMS created, with 8598 rows and 10 columns.

NOTE: PROCEDURE SQL used (Total process time):
      real time           5:00.75
      cpu time            3:17.35
      

NOTE: Table WORK.OT_ADJSPD created, with 8598 rows and 12 columns.

NOTE: PROCEDURE SQL used (Total process time):
      real time           0.10 seconds
      cpu time            0.03 seconds
      

NOTE: Table WORK.OTCLAIMS_OH created, with 3354 rows and 8 columns.

NOTE: PROCEDURE SQL used (Total process time):
      real time           0.08 seconds
      cpu time            0.03 seconds
      

NOTE: A CASE expression has no ELSE clause. Cases not accounted for by the WHEN clauses 
      will result in a missing value for the CASE expression.
NOTE: A CASE expression has no ELSE clause. Cases not accounted for by the WHEN clauses 
      will result in a missing value for the CASE expression.
NOTE: Table WORK.OT_CDPSCLAIMS created, with 16651 rows and 10 columns.

NOTE: PROCEDURE SQL used (Total process time):
      real time           1:27.72
      cpu time            1:01.38
      

NOTE: Table WORK.OT_ADJSPD created, with 16651 rows and 12 columns.

NOTE: PROCEDURE SQL used (Total process time):
      real time           0.06 seconds
      cpu time            0.07 seconds
      

NOTE: Table WORK.OTCLAIMS_OK created, with 6786 rows and 8 columns.

NOTE: PROCEDURE SQL used (Total process time):
      real time           0.07 seconds
      cpu time            0.03 seconds
      

NOTE: A CASE expression has no ELSE clause. Cases not accounted for by the WHEN clauses 
      will result in a missing value for the CASE expression.
NOTE: A CASE expression has no ELSE clause. Cases not accounted for by the WHEN clauses 
      will result in a missing value for the CASE expression.
NOTE: Table WORK.OT_CDPSCLAIMS created, with 1198 rows and 10 columns.

NOTE: PROCEDURE SQL used (Total process time):
      real time           1:09.60
      cpu time            46.67 seconds
      

NOTE: Table WORK.OT_ADJSPD created, with 1198 rows and 12 columns.

NOTE: PROCEDURE SQL used (Total process time):
      real time           0.05 seconds
      cpu time            0.00 seconds
      

NOTE: Table WORK.OTCLAIMS_OR created, with 360 rows and 8 columns.

NOTE: PROCEDURE SQL used (Total process time):
      real time           0.06 seconds
      cpu time            0.00 seconds
      

NOTE: A CASE expression has no ELSE clause. Cases not accounted for by the WHEN clauses 
      will result in a missing value for the CASE expression.
NOTE: A CASE expression has no ELSE clause. Cases not accounted for by the WHEN clauses 
      will result in a missing value for the CASE expression.
NOTE: Table WORK.OT_CDPSCLAIMS created, with 9403 rows and 10 columns.

NOTE: PROCEDURE SQL used (Total process time):
      real time           2:35.51
      cpu time            1:45.06
      

NOTE: Table WORK.OT_ADJSPD created, with 9403 rows and 12 columns.

NOTE: PROCEDURE SQL used (Total process time):
      real time           0.06 seconds
      cpu time            0.03 seconds
      

NOTE: Table WORK.OTCLAIMS_PA created, with 4811 rows and 8 columns.

NOTE: PROCEDURE SQL used (Total process time):
      real time           0.05 seconds
      cpu time            0.04 seconds
      

NOTE: A CASE expression has no ELSE clause. Cases not accounted for by the WHEN clauses 
      will result in a missing value for the CASE expression.
NOTE: A CASE expression has no ELSE clause. Cases not accounted for by the WHEN clauses 
      will result in a missing value for the CASE expression.
NOTE: Table WORK.OT_CDPSCLAIMS created, with 39 rows and 10 columns.

NOTE: PROCEDURE SQL used (Total process time):
      real time           17.87 seconds
      cpu time            12.26 seconds
      

NOTE: Table WORK.OT_ADJSPD created, with 39 rows and 12 columns.

NOTE: PROCEDURE SQL used (Total process time):
      real time           0.06 seconds
      cpu time            0.00 seconds
      

NOTE: Table WORK.OTCLAIMS_RI created, with 19 rows and 8 columns.

NOTE: PROCEDURE SQL used (Total process time):
      real time           0.10 seconds
      cpu time            0.01 seconds
      

NOTE: A CASE expression has no ELSE clause. Cases not accounted for by the WHEN clauses 
      will result in a missing value for the CASE expression.
NOTE: A CASE expression has no ELSE clause. Cases not accounted for by the WHEN clauses 
      will result in a missing value for the CASE expression.
NOTE: Table WORK.OT_CDPSCLAIMS created, with 4520 rows and 10 columns.

NOTE: PROCEDURE SQL used (Total process time):
      real time           1:32.88
      cpu time            59.82 seconds
      

NOTE: Table WORK.OT_ADJSPD created, with 4520 rows and 12 columns.

NOTE: PROCEDURE SQL used (Total process time):
      real time           0.05 seconds
      cpu time            0.03 seconds
      

NOTE: Table WORK.OTCLAIMS_SC created, with 2151 rows and 8 columns.

NOTE: PROCEDURE SQL used (Total process time):
      real time           0.06 seconds
      cpu time            0.01 seconds
      

NOTE: A CASE expression has no ELSE clause. Cases not accounted for by the WHEN clauses 
      will result in a missing value for the CASE expression.
NOTE: A CASE expression has no ELSE clause. Cases not accounted for by the WHEN clauses 
      will result in a missing value for the CASE expression.
NOTE: Table WORK.OT_CDPSCLAIMS created, with 2063 rows and 10 columns.

NOTE: PROCEDURE SQL used (Total process time):
      real time           9.11 seconds
      cpu time            7.11 seconds
      

NOTE: Table WORK.OT_ADJSPD created, with 2063 rows and 12 columns.

NOTE: PROCEDURE SQL used (Total process time):
      real time           0.05 seconds
      cpu time            0.01 seconds
      

NOTE: Table WORK.OTCLAIMS_SD created, with 774 rows and 8 columns.

NOTE: PROCEDURE SQL used (Total process time):
      real time           0.07 seconds
      cpu time            0.01 seconds
      

NOTE: A CASE expression has no ELSE clause. Cases not accounted for by the WHEN clauses 
      will result in a missing value for the CASE expression.
NOTE: A CASE expression has no ELSE clause. Cases not accounted for by the WHEN clauses 
      will result in a missing value for the CASE expression.
NOTE: Table WORK.OT_CDPSCLAIMS created, with 0 rows and 10 columns.

NOTE: PROCEDURE SQL used (Total process time):
      real time           1:49.19
      cpu time            1:12.69
      

NOTE: Table WORK.OT_ADJSPD created, with 0 rows and 12 columns.

NOTE: PROCEDURE SQL used (Total process time):
      real time           0.03 seconds
      cpu time            0.01 seconds
      

NOTE: Table WORK.OTCLAIMS_TN created, with 0 rows and 8 columns.

NOTE: PROCEDURE SQL used (Total process time):
      real time           0.08 seconds
      cpu time            0.01 seconds
      

NOTE: A CASE expression has no ELSE clause. Cases not accounted for by the WHEN clauses 
      will result in a missing value for the CASE expression.
NOTE: A CASE expression has no ELSE clause. Cases not accounted for by the WHEN clauses 
      will result in a missing value for the CASE expression.
NOTE: Table WORK.OT_CDPSCLAIMS created, with 2911 rows and 10 columns.

NOTE: PROCEDURE SQL used (Total process time):
      real time           30.42 seconds
      cpu time            21.15 seconds
      

NOTE: Table WORK.OT_ADJSPD created, with 2911 rows and 12 columns.

NOTE: PROCEDURE SQL used (Total process time):
      real time           0.05 seconds
      cpu time            0.00 seconds
      

NOTE: Table WORK.OTCLAIMS_UT created, with 1252 rows and 8 columns.

NOTE: PROCEDURE SQL used (Total process time):
      real time           0.07 seconds
      cpu time            0.03 seconds
      

NOTE: A CASE expression has no ELSE clause. Cases not accounted for by the WHEN clauses 
      will result in a missing value for the CASE expression.
NOTE: A CASE expression has no ELSE clause. Cases not accounted for by the WHEN clauses 
      will result in a missing value for the CASE expression.
NOTE: Table WORK.OT_CDPSCLAIMS created, with 5317 rows and 10 columns.

NOTE: PROCEDURE SQL used (Total process time):
      real time           16.81 seconds
      cpu time            12.55 seconds
      

NOTE: Table WORK.OT_ADJSPD created, with 5317 rows and 12 columns.

NOTE: PROCEDURE SQL used (Total process time):
      real time           0.07 seconds
      cpu time            0.04 seconds
      

NOTE: Table WORK.OTCLAIMS_VT created, with 2825 rows and 8 columns.

NOTE: PROCEDURE SQL used (Total process time):
      real time           0.07 seconds
      cpu time            0.01 seconds
      

NOTE: A CASE expression has no ELSE clause. Cases not accounted for by the WHEN clauses 
      will result in a missing value for the CASE expression.
NOTE: A CASE expression has no ELSE clause. Cases not accounted for by the WHEN clauses 
      will result in a missing value for the CASE expression.
NOTE: Table WORK.OT_CDPSCLAIMS created, with 1177 rows and 10 columns.

NOTE: PROCEDURE SQL used (Total process time):
      real time           1:12.11
      cpu time            46.19 seconds
      

NOTE: Table WORK.OT_ADJSPD created, with 1177 rows and 12 columns.

NOTE: PROCEDURE SQL used (Total process time):
      real time           0.08 seconds
      cpu time            0.00 seconds
      

NOTE: Table WORK.OTCLAIMS_VA created, with 712 rows and 8 columns.

NOTE: PROCEDURE SQL used (Total process time):
      real time           0.05 seconds
      cpu time            0.01 seconds
      

NOTE: A CASE expression has no ELSE clause. Cases not accounted for by the WHEN clauses 
      will result in a missing value for the CASE expression.
NOTE: A CASE expression has no ELSE clause. Cases not accounted for by the WHEN clauses 
      will result in a missing value for the CASE expression.
NOTE: Table WORK.OT_CDPSCLAIMS created, with 3389 rows and 10 columns.

NOTE: PROCEDURE SQL used (Total process time):
      real time           1:28.76
      cpu time            58.54 seconds
      

NOTE: Table WORK.OT_ADJSPD created, with 3389 rows and 12 columns.

NOTE: PROCEDURE SQL used (Total process time):
      real time           0.06 seconds
      cpu time            0.03 seconds
      

NOTE: Table WORK.OTCLAIMS_WA created, with 1422 rows and 8 columns.

NOTE: PROCEDURE SQL used (Total process time):
      real time           0.06 seconds
      cpu time            0.01 seconds
      

NOTE: A CASE expression has no ELSE clause. Cases not accounted for by the WHEN clauses 
      will result in a missing value for the CASE expression.
NOTE: A CASE expression has no ELSE clause. Cases not accounted for by the WHEN clauses 
      will result in a missing value for the CASE expression.
NOTE: Table WORK.OT_CDPSCLAIMS created, with 10946 rows and 10 columns.

NOTE: PROCEDURE SQL used (Total process time):
      real time           27.16 seconds
      cpu time            20.43 seconds
      

NOTE: Table WORK.OT_ADJSPD created, with 10946 rows and 12 columns.

NOTE: PROCEDURE SQL used (Total process time):
      real time           0.05 seconds
      cpu time            0.03 seconds
      

NOTE: Table WORK.OTCLAIMS_WV created, with 3613 rows and 8 columns.

NOTE: PROCEDURE SQL used (Total process time):
      real time           0.05 seconds
      cpu time            0.04 seconds
      

NOTE: A CASE expression has no ELSE clause. Cases not accounted for by the WHEN clauses 
      will result in a missing value for the CASE expression.
NOTE: A CASE expression has no ELSE clause. Cases not accounted for by the WHEN clauses 
      will result in a missing value for the CASE expression.
NOTE: Table WORK.OT_CDPSCLAIMS created, with 7971 rows and 10 columns.

NOTE: PROCEDURE SQL used (Total process time):
      real time           1:41.10
      cpu time            1:07.01
      

NOTE: Table WORK.OT_ADJSPD created, with 7971 rows and 12 columns.

NOTE: PROCEDURE SQL used (Total process time):
      real time           0.05 seconds
      cpu time            0.01 seconds
      

NOTE: Table WORK.OTCLAIMS_WI created, with 4138 rows and 8 columns.

NOTE: PROCEDURE SQL used (Total process time):
      real time           0.06 seconds
      cpu time            0.04 seconds
      

NOTE: A CASE expression has no ELSE clause. Cases not accounted for by the WHEN clauses 
      will result in a missing value for the CASE expression.
NOTE: A CASE expression has no ELSE clause. Cases not accounted for by the WHEN clauses 
      will result in a missing value for the CASE expression.
NOTE: Table WORK.OT_CDPSCLAIMS created, with 1437 rows and 10 columns.

NOTE: PROCEDURE SQL used (Total process time):
      real time           9.34 seconds
      cpu time            6.33 seconds
      

NOTE: Table WORK.OT_ADJSPD created, with 1437 rows and 12 columns.

NOTE: PROCEDURE SQL used (Total process time):
      real time           0.05 seconds
      cpu time            0.01 seconds
      

NOTE: Table WORK.OTCLAIMS_WY created, with 503 rows and 8 columns.

NOTE: PROCEDURE SQL used (Total process time):
      real time           0.06 seconds
      cpu time            0.01 seconds
      

NOTE: A CASE expression has no ELSE clause. Cases not accounted for by the WHEN clauses 
      will result in a missing value for the CASE expression.
NOTE: A CASE expression has no ELSE clause. Cases not accounted for by the WHEN clauses 
      will result in a missing value for the CASE expression.
NOTE: Table WORK.OT_CDPSCLAIMS created, with 21672 rows and 10 columns.

NOTE: PROCEDURE SQL used (Total process time):
      real time           5:24.51
      cpu time            3:51.67
      

NOTE: Table WORK.OT_ADJSPD created, with 21672 rows and 12 columns.

NOTE: PROCEDURE SQL used (Total process time):
      real time           0.11 seconds
      cpu time            0.04 seconds
      

NOTE: Table WORK.OTCLAIMS_CA1 created, with 7311 rows and 8 columns.

NOTE: PROCEDURE SQL used (Total process time):
      real time           0.06 seconds
      cpu time            0.01 seconds
      

NOTE: A CASE expression has no ELSE clause. Cases not accounted for by the WHEN clauses 
      will result in a missing value for the CASE expression.
NOTE: A CASE expression has no ELSE clause. Cases not accounted for by the WHEN clauses 
      will result in a missing value for the CASE expression.
NOTE: Table WORK.OT_CDPSCLAIMS created, with 5414 rows and 10 columns.

NOTE: PROCEDURE SQL used (Total process time):
      real time           5:13.95
      cpu time            3:51.80
      

NOTE: Table WORK.OT_ADJSPD created, with 5414 rows and 12 columns.

NOTE: PROCEDURE SQL used (Total process time):
      real time           0.07 seconds
      cpu time            0.04 seconds
      

NOTE: Table WORK.OTCLAIMS_CA2 created, with 1959 rows and 8 columns.

NOTE: PROCEDURE SQL used (Total process time):
      real time           0.06 seconds
      cpu time            0.01 seconds
      

NOTE: A CASE expression has no ELSE clause. Cases not accounted for by the WHEN clauses 
      will result in a missing value for the CASE expression.
NOTE: A CASE expression has no ELSE clause. Cases not accounted for by the WHEN clauses 
      will result in a missing value for the CASE expression.
NOTE: Table WORK.OT_CDPSCLAIMS created, with 7527 rows and 10 columns.

NOTE: PROCEDURE SQL used (Total process time):
      real time           4:27.53
      cpu time            2:58.57
      

NOTE: Table WORK.OT_ADJSPD created, with 7527 rows and 12 columns.

NOTE: PROCEDURE SQL used (Total process time):
      real time           0.09 seconds
      cpu time            0.01 seconds
      

NOTE: Table WORK.OTCLAIMS_NY1 created, with 4013 rows and 8 columns.

NOTE: PROCEDURE SQL used (Total process time):
      real time           0.14 seconds
      cpu time            0.03 seconds
      

NOTE: A CASE expression has no ELSE clause. Cases not accounted for by the WHEN clauses 
      will result in a missing value for the CASE expression.
NOTE: A CASE expression has no ELSE clause. Cases not accounted for by the WHEN clauses 
      will result in a missing value for the CASE expression.
NOTE: Table WORK.OT_CDPSCLAIMS created, with 12819 rows and 10 columns.

NOTE: PROCEDURE SQL used (Total process time):
      real time           4:34.15
      cpu time            2:57.12
      

NOTE: Table WORK.OT_ADJSPD created, with 12819 rows and 12 columns.

NOTE: PROCEDURE SQL used (Total process time):
      real time           0.10 seconds
      cpu time            0.01 seconds
      

NOTE: Table WORK.OTCLAIMS_NY2 created, with 5157 rows and 8 columns.

NOTE: PROCEDURE SQL used (Total process time):
      real time           0.09 seconds
      cpu time            0.03 seconds
      

NOTE: A CASE expression has no ELSE clause. Cases not accounted for by the WHEN clauses 
      will result in a missing value for the CASE expression.
NOTE: A CASE expression has no ELSE clause. Cases not accounted for by the WHEN clauses 
      will result in a missing value for the CASE expression.
NOTE: Table WORK.OT_CDPSCLAIMS created, with 3951 rows and 10 columns.

NOTE: PROCEDURE SQL used (Total process time):
      real time           3:25.01
      cpu time            2:12.82
      

NOTE: Table WORK.OT_ADJSPD created, with 3951 rows and 12 columns.

NOTE: PROCEDURE SQL used (Total process time):
      real time           0.05 seconds
      cpu time            0.01 seconds
      

NOTE: Table WORK.OTCLAIMS_TX1 created, with 1806 rows and 8 columns.

NOTE: PROCEDURE SQL used (Total process time):
      real time           0.06 seconds
      cpu time            0.01 seconds
      

NOTE: A CASE expression has no ELSE clause. Cases not accounted for by the WHEN clauses 
      will result in a missing value for the CASE expression.
NOTE: A CASE expression has no ELSE clause. Cases not accounted for by the WHEN clauses 
      will result in a missing value for the CASE expression.
NOTE: Table WORK.OT_CDPSCLAIMS created, with 1221 rows and 10 columns.

NOTE: PROCEDURE SQL used (Total process time):
      real time           3:31.12
      cpu time            2:17.06
      

NOTE: Table WORK.OT_ADJSPD created, with 1221 rows and 12 columns.

NOTE: PROCEDURE SQL used (Total process time):
      real time           0.04 seconds
      cpu time            0.01 seconds
      

NOTE: Table WORK.OTCLAIMS_TX2 created, with 635 rows and 8 columns.

NOTE: PROCEDURE SQL used (Total process time):
      real time           0.05 seconds
      cpu time            0.00 seconds
      


NOTE: There were 1201 observations read from the data set WORK.OTCLAIMS_AK.
NOTE: There were 5905 observations read from the data set WORK.OTCLAIMS_AL.
NOTE: There were 3171 observations read from the data set WORK.OTCLAIMS_AR.
NOTE: There were 1025 observations read from the data set WORK.OTCLAIMS_AZ.
NOTE: There were 7311 observations read from the data set WORK.OTCLAIMS_CA1.
NOTE: There were 1959 observations read from the data set WORK.OTCLAIMS_CA2.
NOTE: There were 5549 observations read from the data set WORK.OTCLAIMS_CO.
NOTE: There were 17624 observations read from the data set WORK.OTCLAIMS_CT.
NOTE: There were 1743 observations read from the data set WORK.OTCLAIMS_DC.
NOTE: There were 148 observations read from the data set WORK.OTCLAIMS_DE.
NOTE: There were 14284 observations read from the data set WORK.OTCLAIMS_FL.
NOTE: There were 7011 observations read from the data set WORK.OTCLAIMS_GA.
NOTE: There were 6 observations read from the data set WORK.OTCLAIMS_HI.
NOTE: There were 4807 observations read from the data set WORK.OTCLAIMS_IA.
NOTE: There were 1764 observations read from the data set WORK.OTCLAIMS_ID.
NOTE: There were 33815 observations read from the data set WORK.OTCLAIMS_IL.
NOTE: There were 3925 observations read from the data set WORK.OTCLAIMS_IN.
NOTE: There were 835 observations read from the data set WORK.OTCLAIMS_KS.
NOTE: There were 260 observations read from the data set WORK.OTCLAIMS_KY.
NOTE: There were 3164 observations read from the data set WORK.OTCLAIMS_LA.
NOTE: There were 7577 observations read from the data set WORK.OTCLAIMS_MA.
NOTE: There were 394 observations read from the data set WORK.OTCLAIMS_MD.
NOTE: There were 4888 observations read from the data set WORK.OTCLAIMS_ME.
NOTE: There were 2447 observations read from the data set WORK.OTCLAIMS_MI.
NOTE: There were 2685 observations read from the data set WORK.OTCLAIMS_MN.
NOTE: There were 7426 observations read from the data set WORK.OTCLAIMS_MO.
NOTE: There were 976 observations read from the data set WORK.OTCLAIMS_MS.
NOTE: There were 426 observations read from the data set WORK.OTCLAIMS_MT.
NOTE: There were 16597 observations read from the data set WORK.OTCLAIMS_NC.
NOTE: There were 503 observations read from the data set WORK.OTCLAIMS_ND.
NOTE: There were 302 observations read from the data set WORK.OTCLAIMS_NE.
NOTE: There were 1491 observations read from the data set WORK.OTCLAIMS_NH.
NOTE: There were 3204 observations read from the data set WORK.OTCLAIMS_NJ.
NOTE: There were 413 observations read from the data set WORK.OTCLAIMS_NM.
NOTE: There were 1616 observations read from the data set WORK.OTCLAIMS_NV.
NOTE: There were 4013 observations read from the data set WORK.OTCLAIMS_NY1.
NOTE: There were 5157 observations read from the data set WORK.OTCLAIMS_NY2.
NOTE: There were 3354 observations read from the data set WORK.OTCLAIMS_OH.
NOTE: There were 6786 observations read from the data set WORK.OTCLAIMS_OK.
NOTE: There were 360 observations read from the data set WORK.OTCLAIMS_OR.
NOTE: There were 4811 observations read from the data set WORK.OTCLAIMS_PA.
NOTE: There were 19 observations read from the data set WORK.OTCLAIMS_RI.
NOTE: There were 2151 observations read from the data set WORK.OTCLAIMS_SC.
NOTE: There were 774 observations read from the data set WORK.OTCLAIMS_SD.
NOTE: There were 0 observations read from the data set WORK.OTCLAIMS_TN.
NOTE: There were 1806 observations read from the data set WORK.OTCLAIMS_TX1.
NOTE: There were 635 observations read from the data set WORK.OTCLAIMS_TX2.
NOTE: There were 1252 observations read from the data set WORK.OTCLAIMS_UT.
NOTE: There were 712 observations read from the data set WORK.OTCLAIMS_VA.
NOTE: There were 2825 observations read from the data set WORK.OTCLAIMS_VT.
NOTE: There were 1422 observations read from the data set WORK.OTCLAIMS_WA.
NOTE: There were 4138 observations read from the data set WORK.OTCLAIMS_WI.
NOTE: There were 3613 observations read from the data set WORK.OTCLAIMS_WV.
NOTE: There were 503 observations read from the data set WORK.OTCLAIMS_WY.
NOTE: The data set WORK.ALL_LIMITED_CDPSPOP_DXCLMS_OT has 210783 observations and 8 
      variables.
NOTE: DATA statement used (Total process time):
      real time           0.14 seconds
      cpu time            0.09 seconds
      

NOTE: Table WORK.LIMITED_CDPSPOP_DXCLMS_OT created, with 210783 rows and 8 columns.

NOTE: PROCEDURE SQL used (Total process time):
      real time           0.22 seconds
      cpu time            0.29 seconds
      

NOTE: PROCEDURE SQL used (Total process time):
      real time           0.07 seconds
      cpu time            0.06 seconds
      


NOTE: There were 5081 observations read from the data set WORK.LIMITED_CDPSPOP_DXCLMS_IP.
NOTE: There were 122 observations read from the data set WORK.LIMITED_CDPSPOP_DXCLMS_LT.
NOTE: There were 210783 observations read from the data set 
      WORK.LIMITED_CDPSPOP_DXCLMS_OT.
NOTE: The data set WORK.DATA_FOR_RESHAPE has 215986 observations and 8 variables.
NOTE: DATA statement used (Total process time):
      real time           0.11 seconds
      cpu time            0.06 seconds
      

NOTE: Table WORK.RESHAPE_ALL created, with 166637 rows and 23 columns.

NOTE: PROCEDURE SQL used (Total process time):
      real time           0.42 seconds
      cpu time            0.59 seconds
      

NOTE: PROCEDURE SQL used (Total process time):
      real time           0.14 seconds
      cpu time            0.18 seconds
      

WARNING: Variable BENE_ID already exists on file WORK.ALL_POP.
WARNING: Variable STATE_CD already exists on file WORK.ALL_POP.
NOTE: Table WORK.ALL_POP created, with 323413 rows and 649 columns.

NOTE: PROCEDURE SQL used (Total process time):
      real time           27.93 seconds
      cpu time            35.80 seconds
      

NOTE: PROCEDURE SQL used (Total process time):
      real time           0.03 seconds
      cpu time            0.04 seconds
      

NOTE: Table WORK.POP_FOR_STATS created, with 323690 rows and 660 columns.

NOTE: PROCEDURE SQL used (Total process time):
      real time           10:04.29
      cpu time            7:54.60
      

NOTE: PROCEDURE SQL used (Total process time):
      real time           16.61 seconds
      cpu time            23.54 seconds
      


NOTE: There were 323690 observations read from the data set WORK.POP_FOR_STATS.
NOTE: The data set WORK.POP_FOR_STATS_NMISSFILL has 323690 observations and 660 variables.
NOTE: DATA statement used (Total process time):
      real time           8.32 seconds
      cpu time            8.17 seconds
      

NOTE: Table WORK.SPENDAVG created, with 484 rows and 6 columns.

NOTE: PROCEDURE SQL used (Total process time):
      real time           3.30 seconds
      cpu time            3.57 seconds
      

NOTE: Table WORK.POP_FOR_STATS_RES created, with 323690 rows and 665 columns.

NOTE: PROCEDURE SQL used (Total process time):
      real time           14.00 seconds
      cpu time            14.86 seconds
      

NOTE: Table WORK.POP_FOR_STATS_MSAS_SPDTC created, with 323690 rows and 679 columns.

NOTE: PROCEDURE SQL used (Total process time):
      real time           6.03 seconds
      cpu time            5.95 seconds
      


NOTE: The data set WORK.PCTLS_ST_MSA has 484 observations and 267 variables.
NOTE: PROCEDURE UNIVARIATE used (Total process time):
      real time           8.83 seconds
      cpu time            8.76 seconds
      


NOTE: The data set WORK.STATS_ST_MSA has 484 observations and 153 variables.
NOTE: PROCEDURE UNIVARIATE used (Total process time):
      real time           8.85 seconds
      cpu time            8.72 seconds
      

NOTE: A CASE expression has no ELSE clause. Cases not accounted for by the WHEN clauses 
      will result in a missing value for the CASE expression.
WARNING: Variable cell_n already exists on file WORK.POP_FOR_STATS_MSALEVEL.
NOTE: Table WORK.POP_FOR_STATS_MSALEVEL created, with 484 rows and 62 columns.

NOTE: PROCEDURE SQL used (Total process time):
      real time           4.03 seconds
      cpu time            4.54 seconds
      


NOTE: There were 484 observations read from the data set WORK.POP_FOR_STATS_MSALEVEL.
NOTE: PROCEDURE FREQ used (Total process time):
      real time           0.23 seconds
      cpu time            0.18 seconds
      

NOTE: Table WORK.UNIQUE_MSAS created, with 485 rows and 1 columns.

NOTE: Table WORK.ST_MSA_COLLAPSED created, with 485 rows and 485 columns.

NOTE: PROCEDURE SQL used (Total process time):
      real time           0.52 seconds
      cpu time            0.18 seconds
      

NOTE: Table WORK.WAGEINDEX_2012 created, with 467 rows and 8 columns.

NOTE: PROCEDURE SQL used (Total process time):
      real time           0.09 seconds
      cpu time            0.00 seconds
      


4159    /**********************************************************************
4160    *   PRODUCT:   SAS
4161    *   VERSION:   9.4
4162    *   CREATOR:   External File Interface
4163    *   DATE:      20MAR20
4164    *   DESC:      Generated SAS Datastep Code
4165    *   TEMPLATE SOURCE:  (None Specified.)
4166    ***********************************************************************/
4167       data WORK.MSA_XWALK    ;
4168       %let _EFIERR_ = 0; /* set the ERROR detection macro variable */
4169       infile 'P:\MCD-SPVR\data\raw_data\wageindmsa_v_clmsmsa_impu.csv' delimiter =
4169 ! ',' MISSOVER DSD lrecl=32767 firstobs=2 ;
4170          informat wageind_st_msa $8. ;
4171          informat clms_st_msa $8. ;
4172          format wageind_st_msa $8. ;
4173          format clms_st_msa $8. ;
4174       input
4175                   wageind_st_msa  $
4176                   clms_st_msa  $
4177       ;
4178       if _ERROR_ then call symputx('_EFIERR_',1);  /* set ERROR detection macro
4178 ! variable */
4179       run;

NOTE: The infile 'P:\MCD-SPVR\data\raw_data\wageindmsa_v_clmsmsa_impu.csv' is:
      Filename=P:\MCD-SPVR\data\raw_data\wageindmsa_v_clmsmsa_impu.csv,
      RECFM=V,LRECL=32767,File Size (bytes)=9227,
      Last Modified=11Oct2019:12:46:25,
      Create Time=11Oct2019:12:28:09

NOTE: 485 records were read from the infile 
      'P:\MCD-SPVR\data\raw_data\wageindmsa_v_clmsmsa_impu.csv'.
      The minimum record length was 9.
      The maximum record length was 17.
NOTE: The data set WORK.MSA_XWALK has 485 observations and 2 variables.
NOTE: DATA statement used (Total process time):
      real time           0.01 seconds
      cpu time            0.00 seconds
      

485 rows created in WORK.MSA_XWALK from 
P:\MCD-SPVR\data\raw_data\wageindmsa_v_clmsmsa_impu.csv.
  
  
  
NOTE: WORK.MSA_XWALK data set was successfully created.
NOTE: The data set WORK.MSA_XWALK has 485 observations and 2 variables.
NOTE: PROCEDURE IMPORT used (Total process time):
      real time           1.15 seconds
      cpu time            0.04 seconds
      

WARNING: Variable MSA_NO_ already exists on file WORK.WAGEINDEX_2012_IMPU.
WARNING: Variable MSA_NAME already exists on file WORK.WAGEINDEX_2012_IMPU.
WARNING: Variable STATE already exists on file WORK.WAGEINDEX_2012_IMPU.
NOTE: Table WORK.WAGEINDEX_2012_IMPU created, with 485 rows and 12 columns.

NOTE: PROCEDURE SQL used (Total process time):
      real time           0.29 seconds
      cpu time            0.00 seconds
      

NOTE: Table WORK.TEMP_PULA created, with 485 rows and 488 columns.

NOTE: PROCEDURE SQL used (Total process time):
      real time           0.06 seconds
      cpu time            0.03 seconds
      


NOTE: There were 485 observations read from the data set WORK.TEMP_PULA.
NOTE: The data set SPACE.TEMP_PULA has 485 observations and 488 variables.
NOTE: DATA statement used (Total process time):
      real time           0.28 seconds
      cpu time            0.01 seconds
      


NOTE: PROCEDURE CONTENTS used (Total process time):
      real time           0.43 seconds
      cpu time            0.18 seconds
      

NOTE: PROCEDURE SQL used (Total process time):
      real time           0.01 seconds
      cpu time            0.00 seconds
      


NOTE: There were 485 observations read from the data set SPACE.TEMP_PULA.
NOTE: PROCEDURE MEANS used (Total process time):
      real time           0.69 seconds
      cpu time            0.81 seconds
      

NOTE: Table OUT.CDPS_PULA20200320 created, with 485 rows and 487 columns.

NOTE: PROCEDURE SQL used (Total process time):
      real time           0.02 seconds
      cpu time            0.00 seconds
      

NOTE: Writing ODS PDF output to DISK destination 
      "P:\MCD-SPVR\reports\check_cdps_pula20200320.pdf", printer "PDF".
NOTE: A CASE expression has no ELSE clause. Cases not accounted for by the WHEN clauses 
      will result in a missing value for the CASE expression.
NOTE: A CASE expression has no ELSE clause. Cases not accounted for by the WHEN clauses 
      will result in a missing value for the CASE expression.
NOTE: A CASE expression has no ELSE clause. Cases not accounted for by the WHEN clauses 
      will result in a missing value for the CASE expression.
WARNING: A GROUP BY clause has been transformed into an ORDER BY clause because neither 
         the SELECT clause nor the optional HAVING clause of the associated 
         table-expression referenced a summary function.
NOTE: Invalid (or missing) arguments to the SUM function have caused the function to 
      return a missing value.
NOTE: Invalid (or missing) arguments to the SUM function have caused the function to 
      return a missing value.
NOTE: Invalid (or missing) arguments to the SUM function have caused the function to 
      return a missing value.
NOTE: Invalid (or missing) arguments to the SUM function have caused the function to 
      return a missing value.
NOTE: Invalid (or missing) arguments to the SUM function have caused the function to 
      return a missing value.
NOTE: Invalid (or missing) arguments to the SUM function have caused the function to 
      return a missing value.
NOTE: Table WORK.AGE_COMPARE created, with 485 rows and 8 columns.

NOTE: PROCEDURE SQL used (Total process time):
      real time           0.07 seconds
      cpu time            0.04 seconds
      


NOTE: There were 485 observations read from the data set WORK.AGE_COMPARE.
NOTE: PROCEDURE FREQ used (Total process time):
      real time           0.13 seconds
      cpu time            0.04 seconds
      

WARNING: A GROUP BY clause has been transformed into an ORDER BY clause because neither 
         the SELECT clause nor the optional HAVING clause of the associated 
         table-expression referenced a summary function.
NOTE: Invalid (or missing) arguments to the SUM function have caused the function to 
      return a missing value.
NOTE: Table WORK.MSA_COMPARE created, with 485 rows and 2 columns.

NOTE: PROCEDURE SQL used (Total process time):
      real time           0.08 seconds
      cpu time            0.03 seconds
      


NOTE: There were 485 observations read from the data set WORK.MSA_COMPARE.
NOTE: PROCEDURE FREQ used (Total process time):
      real time           0.04 seconds
      cpu time            0.03 seconds
      

WARNING: A GROUP BY clause has been transformed into an ORDER BY clause because neither 
         the SELECT clause nor the optional HAVING clause of the associated 
         table-expression referenced a summary function.
NOTE: Invalid (or missing) arguments to the SUM function have caused the function to 
      return a missing value.
NOTE: Table WORK.BOE_COMPARE created, with 485 rows and 2 columns.

NOTE: PROCEDURE SQL used (Total process time):
      real time           0.08 seconds
      cpu time            0.03 seconds
      


NOTE: There were 485 observations read from the data set WORK.BOE_COMPARE.
NOTE: PROCEDURE FREQ used (Total process time):
      real time           0.03 seconds
      cpu time            0.00 seconds
      

NOTE: Invalid (or missing) arguments to the SUM function have caused the function to 
      return a missing value.
NOTE: Table WORK.SPD_COMPARE created, with 485 rows and 21 columns.

NOTE: PROCEDURE SQL used (Total process time):
      real time           0.04 seconds
      cpu time            0.00 seconds
      


ERROR: The setting of the SYSPRINT option to "OneNote (redirected 40)" will be ignored 
 because "OneNote (redirected 40)" is not the name of a currently installed printer. 
 This error may be due to changes in SYSPRINT option syntax. 
 Please refer to your host companion for details of those changes.
ERROR: The setting of the SYSPRINT option to "OneNote (redirected 40)" will be ignored 
 because "OneNote (redirected 40)" is not the name of a currently installed printer. 
 This error may be due to changes in SYSPRINT option syntax. 
 Please refer to your host companion for details of those changes.
ERROR: The setting of the SYSPRINT option to "OneNote (redirected 40)" will be ignored 
 because "OneNote (redirected 40)" is not the name of a currently installed printer. 
 This error may be due to changes in SYSPRINT option syntax. 
 Please refer to your host companion for details of those changes.
ERROR: The setting of the SYSPRINT option to "OneNote (redirected 40)" will be ignored 
 because "OneNote (redirected 40)" is not the name of a currently installed printer. 
 This error may be due to changes in SYSPRINT option syntax. 
 Please refer to your host companion for details of those changes.
NOTE: PROCEDURE SGPLOT used (Total process time):
      real time           0.74 seconds
      cpu time            0.28 seconds
      
NOTE: Listing image output written to C:\Users\LDURBAK\SGPlot32.png.
NOTE: There were 485 observations read from the data set WORK.SPD_COMPARE.


NOTE: PROCEDURE SGPLOT used (Total process time):
      real time           0.38 seconds
      cpu time            0.14 seconds
      
NOTE: Listing image output written to C:\Users\LDURBAK\SGPlot34.png.
NOTE: There were 485 observations read from the data set WORK.SPD_COMPARE.


NOTE: PROCEDURE SGPLOT used (Total process time):
      real time           0.38 seconds
      cpu time            0.14 seconds
      
NOTE: Listing image output written to C:\Users\LDURBAK\SGPlot36.png.
NOTE: There were 485 observations read from the data set WORK.SPD_COMPARE.


NOTE: PROCEDURE SGPLOT used (Total process time):
      real time           0.37 seconds
      cpu time            0.14 seconds
      
NOTE: Listing image output written to C:\Users\LDURBAK\SGPlot38.png.
NOTE: There were 485 observations read from the data set WORK.SPD_COMPARE.


NOTE: PROCEDURE SGPLOT used (Total process time):
      real time           0.37 seconds
      cpu time            0.12 seconds
      
NOTE: Listing image output written to C:\Users\LDURBAK\SGPlot40.png.
NOTE: There were 485 observations read from the data set WORK.SPD_COMPARE.


NOTE: PROCEDURE SGPLOT used (Total process time):
      real time           0.37 seconds
      cpu time            0.12 seconds
      
NOTE: Listing image output written to C:\Users\LDURBAK\SGPlot42.png.
NOTE: There were 485 observations read from the data set WORK.SPD_COMPARE.


NOTE: PROCEDURE SGPLOT used (Total process time):
      real time           0.38 seconds
      cpu time            0.10 seconds
      
NOTE: Listing image output written to C:\Users\LDURBAK\SGPlot44.png.
NOTE: There were 485 observations read from the data set WORK.SPD_COMPARE.


NOTE: PROCEDURE CONTENTS used (Total process time):
      real time           0.43 seconds
      cpu time            0.43 seconds
      

NOTE: ODS PDF printed 25 pages to P:\MCD-SPVR\reports\check_cdps_pula20200320.pdf.
WARNING: Statement terminated early due to OUTOBS=10 option.
NOTE: PROCEDURE SQL used (Total process time):
      real time           0.06 seconds
      cpu time            0.03 seconds
      


NOTE: There were 485 observations read from the data set WORK.SPD_COMPARE.
NOTE: PROCEDURE FREQ used (Total process time):
      real time           0.04 seconds
      cpu time            0.01 seconds
      


